[2023-04-21 10:55:07] local.ERROR: filemtime(): stat failed for /var/www/html/.env {"exception":"[object] (ErrorException(code: 0): filemtime(): stat failed for /var/www/html/.env at /var/www/html/vendor/laravel/framework/src/Illuminate/Foundation/Console/ServeCommand.php:98)
[stacktrace]
#0 /var/www/html/vendor/laravel/framework/src/Illuminate/Foundation/Bootstrap/HandleExceptions.php(254): Illuminate\\Foundation\\Bootstrap\\HandleExceptions->handleError()
#1 [internal function]: Illuminate\\Foundation\\Bootstrap\\HandleExceptions->Illuminate\\Foundation\\Bootstrap\\{closure}()
#2 /var/www/html/vendor/laravel/framework/src/Illuminate/Foundation/Console/ServeCommand.php(98): filemtime()
#3 /var/www/html/vendor/laravel/framework/src/Illuminate/Container/BoundMethod.php(36): Illuminate\\Foundation\\Console\\ServeCommand->handle()
#4 /var/www/html/vendor/laravel/framework/src/Illuminate/Container/Util.php(41): Illuminate\\Container\\BoundMethod::Illuminate\\Container\\{closure}()
#5 /var/www/html/vendor/laravel/framework/src/Illuminate/Container/BoundMethod.php(93): Illuminate\\Container\\Util::unwrapIfClosure()
#6 /var/www/html/vendor/laravel/framework/src/Illuminate/Container/BoundMethod.php(35): Illuminate\\Container\\BoundMethod::callBoundMethod()
#7 /var/www/html/vendor/laravel/framework/src/Illuminate/Container/Container.php(662): Illuminate\\Container\\BoundMethod::call()
#8 /var/www/html/vendor/laravel/framework/src/Illuminate/Console/Command.php(194): Illuminate\\Container\\Container->call()
#9 /var/www/html/vendor/symfony/console/Command/Command.php(312): Illuminate\\Console\\Command->execute()
#10 /var/www/html/vendor/laravel/framework/src/Illuminate/Console/Command.php(163): Symfony\\Component\\Console\\Command\\Command->run()
#11 /var/www/html/vendor/symfony/console/Application.php(1040): Illuminate\\Console\\Command->run()
#12 /var/www/html/vendor/symfony/console/Application.php(314): Symfony\\Component\\Console\\Application->doRunCommand()
#13 /var/www/html/vendor/symfony/console/Application.php(168): Symfony\\Component\\Console\\Application->doRun()
#14 /var/www/html/vendor/laravel/framework/src/Illuminate/Foundation/Console/Kernel.php(200): Symfony\\Component\\Console\\Application->run()
#15 /var/www/html/artisan(35): Illuminate\\Foundation\\Console\\Kernel->handle()
#16 {main}
"} 
[2023-04-21 10:55:07] local.ERROR: include(/var/www/html/vendor/composer/../filp/whoops/src/Whoops/Handler/Handler.php): Failed to open stream: No such file or directory {"exception":"[object] (ErrorException(code: 0): include(/var/www/html/vendor/composer/../filp/whoops/src/Whoops/Handler/Handler.php): Failed to open stream: No such file or directory at /var/www/html/vendor/composer/ClassLoader.php:582)
[stacktrace]
#0 /var/www/html/vendor/laravel/framework/src/Illuminate/Foundation/Bootstrap/HandleExceptions.php(254): Illuminate\\Foundation\\Bootstrap\\HandleExceptions->handleError()
#1 /var/www/html/vendor/composer/ClassLoader.php(582): Illuminate\\Foundation\\Bootstrap\\HandleExceptions->Illuminate\\Foundation\\Bootstrap\\{closure}()
#2 /var/www/html/vendor/composer/ClassLoader.php(582): include('...')
#3 /var/www/html/vendor/composer/ClassLoader.php(433): Composer\\Autoload\\{closure}()
#4 /var/www/html/vendor/nunomaduro/collision/src/Handler.php(15): Composer\\Autoload\\ClassLoader->loadClass()
#5 /var/www/html/vendor/composer/ClassLoader.php(582): include('...')
#6 /var/www/html/vendor/composer/ClassLoader.php(433): Composer\\Autoload\\{closure}()
#7 /var/www/html/vendor/nunomaduro/collision/src/Adapters/Laravel/CollisionServiceProvider.php(55): Composer\\Autoload\\ClassLoader->loadClass()
#8 /var/www/html/vendor/laravel/framework/src/Illuminate/Container/Container.php(910): NunoMaduro\\Collision\\Adapters\\Laravel\\CollisionServiceProvider->NunoMaduro\\Collision\\Adapters\\Laravel\\{closure}()
#9 /var/www/html/vendor/laravel/framework/src/Illuminate/Container/Container.php(795): Illuminate\\Container\\Container->build()
#10 /var/www/html/vendor/laravel/framework/src/Illuminate/Foundation/Application.php(933): Illuminate\\Container\\Container->resolve()
#11 /var/www/html/vendor/laravel/framework/src/Illuminate/Container/Container.php(731): Illuminate\\Foundation\\Application->resolve()
#12 /var/www/html/vendor/laravel/framework/src/Illuminate/Foundation/Application.php(918): Illuminate\\Container\\Container->make()
#13 /var/www/html/vendor/nunomaduro/collision/src/Adapters/Laravel/ExceptionHandler.php(66): Illuminate\\Foundation\\Application->make()
#14 /var/www/html/vendor/laravel/framework/src/Illuminate/Foundation/Console/Kernel.php(515): NunoMaduro\\Collision\\Adapters\\Laravel\\ExceptionHandler->renderForConsole()
#15 /var/www/html/vendor/laravel/framework/src/Illuminate/Foundation/Console/Kernel.php(204): Illuminate\\Foundation\\Console\\Kernel->renderException()
#16 /var/www/html/artisan(35): Illuminate\\Foundation\\Console\\Kernel->handle()
#17 {main}
"} 
[2023-04-21 10:55:07] local.ERROR: Uncaught ErrorException: include(/var/www/html/vendor/composer/../filp/whoops/src/Whoops/Handler/Handler.php): Failed to open stream: No such file or directory in /var/www/html/vendor/composer/ClassLoader.php:582
Stack trace:
#0 /var/www/html/vendor/laravel/framework/src/Illuminate/Foundation/Bootstrap/HandleExceptions.php(254): Illuminate\Foundation\Bootstrap\HandleExceptions->handleError()
#1 /var/www/html/vendor/composer/ClassLoader.php(582): Illuminate\Foundation\Bootstrap\HandleExceptions->Illuminate\Foundation\Bootstrap\{closure}()
#2 /var/www/html/vendor/composer/ClassLoader.php(582): include('...')
#3 /var/www/html/vendor/composer/ClassLoader.php(433): Composer\Autoload\{closure}()
#4 /var/www/html/vendor/nunomaduro/collision/src/Handler.php(15): Composer\Autoload\ClassLoader->loadClass()
#5 /var/www/html/vendor/composer/ClassLoader.php(582): include('...')
#6 /var/www/html/vendor/composer/ClassLoader.php(433): Composer\Autoload\{closure}()
#7 /var/www/html/vendor/nunomaduro/collision/src/Adapters/Laravel/CollisionServiceProvider.php(55): Composer\Autoload\ClassLoader->loadClass()
#8 /var/www/html/vendor/laravel/framework/src/Illuminate/Container/Container.php(910): NunoMaduro\Collision\Adapters\Laravel\CollisionServiceProvider->NunoMaduro\Collision\Adapters\Laravel\{closure}()
#9 /var/www/html/vendor/laravel/framework/src/Illuminate/Container/Container.php(795): Illuminate\Container\Container->build()
#10 /var/www/html/vendor/laravel/framework/src/Illuminate/Foundation/Application.php(933): Illuminate\Container\Container->resolve()
#11 /var/www/html/vendor/laravel/framework/src/Illuminate/Container/Container.php(731): Illuminate\Foundation\Application->resolve()
#12 /var/www/html/vendor/laravel/framework/src/Illuminate/Foundation/Application.php(918): Illuminate\Container\Container->make()
#13 /var/www/html/vendor/nunomaduro/collision/src/Adapters/Laravel/ExceptionHandler.php(66): Illuminate\Foundation\Application->make()
#14 /var/www/html/vendor/laravel/framework/src/Illuminate/Foundation/Bootstrap/HandleExceptions.php(206): NunoMaduro\Collision\Adapters\Laravel\ExceptionHandler->renderForConsole()
#15 /var/www/html/vendor/laravel/framework/src/Illuminate/Foundation/Bootstrap/HandleExceptions.php(188): Illuminate\Foundation\Bootstrap\HandleExceptions->renderForConsole()
#16 /var/www/html/vendor/laravel/framework/src/Illuminate/Foundation/Bootstrap/HandleExceptions.php(254): Illuminate\Foundation\Bootstrap\HandleExceptions->handleException()
#17 [internal function]: Illuminate\Foundation\Bootstrap\HandleExceptions->Illuminate\Foundation\Bootstrap\{closure}()
#18 {main}
  thrown {"exception":"[object] (Symfony\\Component\\ErrorHandler\\Error\\FatalError(code: 0): Uncaught ErrorException: include(/var/www/html/vendor/composer/../filp/whoops/src/Whoops/Handler/Handler.php): Failed to open stream: No such file or directory in /var/www/html/vendor/composer/ClassLoader.php:582
Stack trace:
#0 /var/www/html/vendor/laravel/framework/src/Illuminate/Foundation/Bootstrap/HandleExceptions.php(254): Illuminate\\Foundation\\Bootstrap\\HandleExceptions->handleError()
#1 /var/www/html/vendor/composer/ClassLoader.php(582): Illuminate\\Foundation\\Bootstrap\\HandleExceptions->Illuminate\\Foundation\\Bootstrap\\{closure}()
#2 /var/www/html/vendor/composer/ClassLoader.php(582): include('...')
#3 /var/www/html/vendor/composer/ClassLoader.php(433): Composer\\Autoload\\{closure}()
#4 /var/www/html/vendor/nunomaduro/collision/src/Handler.php(15): Composer\\Autoload\\ClassLoader->loadClass()
#5 /var/www/html/vendor/composer/ClassLoader.php(582): include('...')
#6 /var/www/html/vendor/composer/ClassLoader.php(433): Composer\\Autoload\\{closure}()
#7 /var/www/html/vendor/nunomaduro/collision/src/Adapters/Laravel/CollisionServiceProvider.php(55): Composer\\Autoload\\ClassLoader->loadClass()
#8 /var/www/html/vendor/laravel/framework/src/Illuminate/Container/Container.php(910): NunoMaduro\\Collision\\Adapters\\Laravel\\CollisionServiceProvider->NunoMaduro\\Collision\\Adapters\\Laravel\\{closure}()
#9 /var/www/html/vendor/laravel/framework/src/Illuminate/Container/Container.php(795): Illuminate\\Container\\Container->build()
#10 /var/www/html/vendor/laravel/framework/src/Illuminate/Foundation/Application.php(933): Illuminate\\Container\\Container->resolve()
#11 /var/www/html/vendor/laravel/framework/src/Illuminate/Container/Container.php(731): Illuminate\\Foundation\\Application->resolve()
#12 /var/www/html/vendor/laravel/framework/src/Illuminate/Foundation/Application.php(918): Illuminate\\Container\\Container->make()
#13 /var/www/html/vendor/nunomaduro/collision/src/Adapters/Laravel/ExceptionHandler.php(66): Illuminate\\Foundation\\Application->make()
#14 /var/www/html/vendor/laravel/framework/src/Illuminate/Foundation/Bootstrap/HandleExceptions.php(206): NunoMaduro\\Collision\\Adapters\\Laravel\\ExceptionHandler->renderForConsole()
#15 /var/www/html/vendor/laravel/framework/src/Illuminate/Foundation/Bootstrap/HandleExceptions.php(188): Illuminate\\Foundation\\Bootstrap\\HandleExceptions->renderForConsole()
#16 /var/www/html/vendor/laravel/framework/src/Illuminate/Foundation/Bootstrap/HandleExceptions.php(254): Illuminate\\Foundation\\Bootstrap\\HandleExceptions->handleException()
#17 [internal function]: Illuminate\\Foundation\\Bootstrap\\HandleExceptions->Illuminate\\Foundation\\Bootstrap\\{closure}()
#18 {main}
  thrown at /var/www/html/vendor/composer/ClassLoader.php:582)
[stacktrace]
#0 {main}
"} 
